\BOOKMARK [0][-]{chapter.1}{Introduction}{}% 1
\BOOKMARK [1][-]{section.1.1}{An introduction to circadian rhythms}{chapter.1}% 2
\BOOKMARK [1][-]{section.1.2}{The mammalian circadian control system}{chapter.1}% 3
\BOOKMARK [1][-]{section.1.3}{Quantitative analysis of circadian dynamics}{chapter.1}% 4
\BOOKMARK [1][-]{section.1.4}{Taking control of the clock}{chapter.1}% 5
\BOOKMARK [1][-]{section.1.5}{Conclusions}{chapter.1}% 6
\BOOKMARK [-1][-]{part.1}{I Circadian Rhythms in the Suprachiasmatic Nucleus: Networks, Development, and Electrical Activity}{}% 7
\BOOKMARK [0][-]{chapter.2}{Inferring the functional network corresponding to synchrony in the suprachiasmatic nucleus}{part.1}% 8
\BOOKMARK [1][-]{section.2.1}{Introduction}{chapter.2}% 9
\BOOKMARK [1][-]{section.2.2}{Materials and methods}{chapter.2}% 10
\BOOKMARK [1][-]{section.2.3}{Results}{chapter.2}% 11
\BOOKMARK [1][-]{section.2.4}{Discussion}{chapter.2}% 12
\BOOKMARK [0][-]{chapter.3}{Ontogeny of circadian rhythms and synchrony in the suprachiasmatic nucleus}{part.1}% 13
\BOOKMARK [1][-]{section.3.1}{Introduction}{chapter.3}% 14
\BOOKMARK [1][-]{section.3.2}{Materials and methods}{chapter.3}% 15
\BOOKMARK [1][-]{section.3.3}{Results}{chapter.3}% 16
\BOOKMARK [1][-]{section.3.4}{Discussion}{chapter.3}% 17
\BOOKMARK [0][-]{chapter.4}{The role of neuronal firing patterns in VIP and non-VIP neuronal populations of the suprachiasmatic nucleus}{part.1}% 18
\BOOKMARK [1][-]{section.4.1}{Introduction}{chapter.4}% 19
\BOOKMARK [1][-]{section.4.2}{Materials and methods}{chapter.4}% 20
\BOOKMARK [1][-]{section.4.3}{Results}{chapter.4}% 21
\BOOKMARK [1][-]{section.4.4}{Discussion}{chapter.4}% 22
\BOOKMARK [0][-]{chapter.5}{Summary and future directions: proposed study of the suprachiasmatic nucleus}{part.1}% 23
\BOOKMARK [1][-]{section.5.1}{Role of dimerization in circadian rhythm stability}{chapter.5}% 24
\BOOKMARK [1][-]{section.5.2}{Quantification of neurotransmitter release and dynamics in the suprachiasmatic nucleus}{chapter.5}% 25
\BOOKMARK [-1][-]{part.2}{II Control of the Mammalian Circadian Oscillator}{}% 26
\BOOKMARK [0][-]{chapter.6}{Pharmaceutical-based entrainment of circadian phase via nonlinear model predictive control}{part.2}% 27
\BOOKMARK [1][-]{section.6.1}{Introduction}{chapter.6}% 28
\BOOKMARK [1][-]{section.6.2}{Phase-reduced model and optimal phase shifting }{chapter.6}% 29
\BOOKMARK [1][-]{section.6.3}{Closing the loop: designing a PRC-based nonlinear MPC}{chapter.6}% 30
\BOOKMARK [1][-]{section.6.4}{In silico application of designed MPC controller for phase resetting}{chapter.6}% 31
\BOOKMARK [1][-]{section.6.5}{Summary}{chapter.6}% 32
\BOOKMARK [0][-]{chapter.7}{Model predictive control for synchronous phase shifting of circadian oscillator populations}{part.2}% 33
\BOOKMARK [1][-]{section.7.1}{Introduction}{chapter.7}% 34
\BOOKMARK [1][-]{section.7.2}{Control of a single circadian oscillator}{chapter.7}% 35
\BOOKMARK [1][-]{section.7.3}{Control of population phase and synchrony}{chapter.7}% 36
\BOOKMARK [1][-]{section.7.4}{Summary}{chapter.7}% 37
\BOOKMARK [0][-]{chapter.8}{Summary and future directions: preliminary and proposed studies of circadian control}{part.2}% 38
\BOOKMARK [1][-]{section.8.1}{Closing the loop: development of a circadian phase sensor}{chapter.8}% 39
\BOOKMARK [1][-]{section.8.2}{Critical-resetting MPC: leveraging the limit-cycle fixed point}{chapter.8}% 40
\BOOKMARK [1][-]{section.8.3}{Conclusion}{chapter.8}% 41
